Flow report for lab2
Thu Oct 20 13:21:52 2022
Quartus Prime Version 21.1.1 Build 850 06/23/2022 SJ Lite Edition


---------------------
; Table of Contents ;
---------------------
  1. Legal Notice
  2. Flow Summary
  3. Flow Settings
  4. Flow Non-Default Global Settings
  5. Flow Elapsed Time
  6. Flow OS Summary
  7. Flow Log
  8. Flow Messages
  9. Flow Suppressed Messages



----------------
; Legal Notice ;
----------------
Copyright (C) 2022  Intel Corporation. All rights reserved.
Your use of Intel Corporation's design tools, logic functions 
and other software and tools, and any partner logic 
functions, and any output files from any of the foregoing 
(including device programming or simulation files), and any 
associated documentation or information are expressly subject 
to the terms and conditions of the Intel Program License 
Subscription Agreement, the Intel Quartus Prime License Agreement,
the Intel FPGA IP License Agreement, or other applicable license
agreement, including, without limitation, that your use is for
the sole purpose of programming logic devices manufactured by
Intel and sold by Intel or its authorized distributors.  Please
refer to the applicable agreement for further details, at
https://fpgasoftware.intel.com/eula.



+-------------------------------------------------------------------------------+
; Flow Summary                                                                  ;
+---------------------------------+---------------------------------------------+
; Flow Status                     ; Successful - Thu Oct 20 13:21:49 2022       ;
; Quartus Prime Version           ; 21.1.1 Build 850 06/23/2022 SJ Lite Edition ;
; Revision Name                   ; lab2                                        ;
; Top-level Entity Name           ; synchronous_counter                         ;
; Family                          ; Cyclone V                                   ;
; Device                          ; 5CSEMA6F31C6                                ;
; Timing Models                   ; Final                                       ;
; Logic utilization (in ALMs)     ; 9 / 41,910 ( < 1 % )                        ;
; Total registers                 ; 16                                          ;
; Total pins                      ; 21 / 457 ( 5 % )                            ;
; Total virtual pins              ; 0                                           ;
; Total block memory bits         ; 0 / 5,662,720 ( 0 % )                       ;
; Total DSP Blocks                ; 0 / 112 ( 0 % )                             ;
; Total HSSI RX PCSs              ; 0                                           ;
; Total HSSI PMA RX Deserializers ; 0                                           ;
; Total HSSI TX PCSs              ; 0                                           ;
; Total HSSI PMA TX Serializers   ; 0                                           ;
; Total PLLs                      ; 0 / 6 ( 0 % )                               ;
; Total DLLs                      ; 0 / 4 ( 0 % )                               ;
+---------------------------------+---------------------------------------------+


+-----------------------------------------+
; Flow Settings                           ;
+-------------------+---------------------+
; Option            ; Setting             ;
+-------------------+---------------------+
; Start date & time ; 10/20/2022 13:21:17 ;
; Main task         ; Compilation         ;
; Revision Name     ; lab2                ;
+-------------------+---------------------+


+---------------------------------------------------------------------------------------------------------------------------------+
; Flow Non-Default Global Settings                                                                                                ;
+-------------------------------------+----------------------------------------+---------------+---------------------+------------+
; Assignment Name                     ; Value                                  ; Default Value ; Entity Name         ; Section Id ;
+-------------------------------------+----------------------------------------+---------------+---------------------+------------+
; COMPILER_SIGNATURE_ID               ; 246337694279799.166626487762083        ; --            ; --                  ; --         ;
; MAX_CORE_JUNCTION_TEMP              ; 85                                     ; --            ; --                  ; --         ;
; MIN_CORE_JUNCTION_TEMP              ; 0                                      ; --            ; --                  ; --         ;
; PARTITION_COLOR                     ; -- (Not supported for targeted family) ; --            ; synchronous_counter ; Top        ;
; PARTITION_FITTER_PRESERVATION_LEVEL ; -- (Not supported for targeted family) ; --            ; synchronous_counter ; Top        ;
; PARTITION_NETLIST_TYPE              ; -- (Not supported for targeted family) ; --            ; synchronous_counter ; Top        ;
; PROJECT_OUTPUT_DIRECTORY            ; output_files                           ; --            ; --                  ; --         ;
; TOP_LEVEL_ENTITY                    ; synchronous_counter                    ; lab2          ; --                  ; --         ;
+-------------------------------------+----------------------------------------+---------------+---------------------+------------+


+--------------------------------------------------------------------------------------------------------------------------+
; Flow Elapsed Time                                                                                                        ;
+----------------------+--------------+-------------------------+---------------------+------------------------------------+
; Module Name          ; Elapsed Time ; Average Processors Used ; Peak Virtual Memory ; Total CPU Time (on all processors) ;
+----------------------+--------------+-------------------------+---------------------+------------------------------------+
; Analysis & Synthesis ; 00:00:05     ; 1.0                     ; 502 MB              ; 00:00:13                           ;
; Fitter               ; 00:00:21     ; 1.0                     ; 1821 MB             ; 00:00:38                           ;
; Assembler            ; 00:00:04     ; 1.0                     ; 511 MB              ; 00:00:04                           ;
; Timing Analyzer      ; 00:00:02     ; 1.0                     ; 822 MB              ; 00:00:03                           ;
; Total                ; 00:00:32     ; --                      ; --                  ; 00:00:58                           ;
+----------------------+--------------+-------------------------+---------------------+------------------------------------+


+----------------------------------------------------------------------------------------+
; Flow OS Summary                                                                        ;
+----------------------+------------------+----------------+------------+----------------+
; Module Name          ; Machine Hostname ; OS Name        ; OS Version ; Processor type ;
+----------------------+------------------+----------------+------------+----------------+
; Analysis & Synthesis ; Andreasb         ; Ubuntu 22.04.1 ; 22         ; x86_64         ;
; Fitter               ; Andreasb         ; Ubuntu 22.04.1 ; 22         ; x86_64         ;
; Assembler            ; Andreasb         ; Ubuntu 22.04.1 ; 22         ; x86_64         ;
; Timing Analyzer      ; Andreasb         ; Ubuntu 22.04.1 ; 22         ; x86_64         ;
+----------------------+------------------+----------------+------------+----------------+


------------
; Flow Log ;
------------
quartus_map --read_settings_files=on --write_settings_files=off lab2 -c lab2
quartus_fit --read_settings_files=off --write_settings_files=off lab2 -c lab2
quartus_asm --read_settings_files=off --write_settings_files=off lab2 -c lab2
quartus_sta lab2 -c lab2



